<?xml version="1.0" encoding="UTF-8"?>
<!-- Generated by org.testng.reporters.JUnitReportReporter -->
<testsuite hostname="SahilBhayana" failures="0" tests="1" name="com.salesforce.test.tests.SalesforceAutomation" time="25.864" errors="0" timestamp="2022-10-02T14:59:59 PDT" skipped="0">
  <testcase classname="com.salesforce.test.tests.SalesforceAutomation" name="TC37" time="25.864"/>
  <system-out/>
</testsuite> <!-- com.salesforce.test.tests.SalesforceAutomation -->
